[0.012s] Invoking command in '/root/robot_project/build/warehouse_robot_comp219': CMAKE_PREFIX_PATH=${CMAKE_PREFIX_PATH}:/opt/ros/jazzy /usr/bin/cmake --build /root/robot_project/build/warehouse_robot_comp219 -- -j20 -l20
[0.072s] [100%] Built target nav_menu_client
[0.083s] Invoked command in '/root/robot_project/build/warehouse_robot_comp219' returned '0': CMAKE_PREFIX_PATH=${CMAKE_PREFIX_PATH}:/opt/ros/jazzy /usr/bin/cmake --build /root/robot_project/build/warehouse_robot_comp219 -- -j20 -l20
[0.092s] Invoking command in '/root/robot_project/build/warehouse_robot_comp219': CMAKE_PREFIX_PATH=${CMAKE_PREFIX_PATH}:/opt/ros/jazzy /usr/bin/cmake --install /root/robot_project/build/warehouse_robot_comp219
[0.099s] -- Install configuration: ""
[0.100s] -- Up-to-date: /root/robot_project/install/warehouse_robot_comp219/share/warehouse_robot_comp219/worlds
[0.100s] -- Up-to-date: /root/robot_project/install/warehouse_robot_comp219/share/warehouse_robot_comp219/worlds/warehouse.world
[0.100s] -- Up-to-date: /root/robot_project/install/warehouse_robot_comp219/share/warehouse_robot_comp219/urdf
[0.100s] -- Up-to-date: /root/robot_project/install/warehouse_robot_comp219/share/warehouse_robot_comp219/urdf/warehouse_robot.urdf.xacro
[0.100s] -- Up-to-date: /root/robot_project/install/warehouse_robot_comp219/share/warehouse_robot_comp219/urdf/warehouse_robot.urdf
[0.101s] -- Up-to-date: /root/robot_project/install/warehouse_robot_comp219/share/warehouse_robot_comp219/launch
[0.101s] -- Up-to-date: /root/robot_project/install/warehouse_robot_comp219/share/warehouse_robot_comp219/launch/sim.launch.py
[0.101s] -- Up-to-date: /root/robot_project/install/warehouse_robot_comp219/share/warehouse_robot_comp219/launch/nav2.launch.py
[0.101s] -- Up-to-date: /root/robot_project/install/warehouse_robot_comp219/share/warehouse_robot_comp219/launch/slam.launch.py
[0.101s] -- Up-to-date: /root/robot_project/install/warehouse_robot_comp219/share/warehouse_robot_comp219/config
[0.101s] -- Up-to-date: /root/robot_project/install/warehouse_robot_comp219/share/warehouse_robot_comp219/config/ros_gz_bridge.yaml
[0.101s] -- Up-to-date: /root/robot_project/install/warehouse_robot_comp219/share/warehouse_robot_comp219/config/slam_toolbox.yaml
[0.101s] -- Installing: /root/robot_project/install/warehouse_robot_comp219/share/warehouse_robot_comp219/config/nav2_params.yaml
[0.102s] -- Up-to-date: /root/robot_project/install/warehouse_robot_comp219/share/warehouse_robot_comp219/maps
[0.102s] -- Up-to-date: /root/robot_project/install/warehouse_robot_comp219/share/warehouse_robot_comp219/maps/warehouse_map.pgm
[0.102s] -- Up-to-date: /root/robot_project/install/warehouse_robot_comp219/share/warehouse_robot_comp219/maps/warehouse_map.yaml
[0.102s] -- Up-to-date: /root/robot_project/install/warehouse_robot_comp219/lib/warehouse_robot_comp219/odom_tf_publisher.py
[0.102s] -- Up-to-date: /root/robot_project/install/warehouse_robot_comp219/lib/warehouse_robot_comp219/nav_menu_client
[0.102s] -- Up-to-date: /root/robot_project/install/warehouse_robot_comp219/share/ament_index/resource_index/package_run_dependencies/warehouse_robot_comp219
[0.102s] -- Up-to-date: /root/robot_project/install/warehouse_robot_comp219/share/ament_index/resource_index/parent_prefix_path/warehouse_robot_comp219
[0.102s] -- Up-to-date: /root/robot_project/install/warehouse_robot_comp219/share/warehouse_robot_comp219/environment/ament_prefix_path.sh
[0.103s] -- Up-to-date: /root/robot_project/install/warehouse_robot_comp219/share/warehouse_robot_comp219/environment/ament_prefix_path.dsv
[0.103s] -- Up-to-date: /root/robot_project/install/warehouse_robot_comp219/share/warehouse_robot_comp219/environment/path.sh
[0.103s] -- Up-to-date: /root/robot_project/install/warehouse_robot_comp219/share/warehouse_robot_comp219/environment/path.dsv
[0.103s] -- Up-to-date: /root/robot_project/install/warehouse_robot_comp219/share/warehouse_robot_comp219/local_setup.bash
[0.103s] -- Up-to-date: /root/robot_project/install/warehouse_robot_comp219/share/warehouse_robot_comp219/local_setup.sh
[0.104s] -- Up-to-date: /root/robot_project/install/warehouse_robot_comp219/share/warehouse_robot_comp219/local_setup.zsh
[0.104s] -- Up-to-date: /root/robot_project/install/warehouse_robot_comp219/share/warehouse_robot_comp219/local_setup.dsv
[0.105s] -- Installing: /root/robot_project/install/warehouse_robot_comp219/share/warehouse_robot_comp219/package.dsv
[0.105s] -- Up-to-date: /root/robot_project/install/warehouse_robot_comp219/share/ament_index/resource_index/packages/warehouse_robot_comp219
[0.105s] -- Up-to-date: /root/robot_project/install/warehouse_robot_comp219/share/warehouse_robot_comp219/cmake/warehouse_robot_comp219Config.cmake
[0.105s] -- Up-to-date: /root/robot_project/install/warehouse_robot_comp219/share/warehouse_robot_comp219/cmake/warehouse_robot_comp219Config-version.cmake
[0.105s] -- Up-to-date: /root/robot_project/install/warehouse_robot_comp219/share/warehouse_robot_comp219/package.xml
[0.106s] Invoked command in '/root/robot_project/build/warehouse_robot_comp219' returned '0': CMAKE_PREFIX_PATH=${CMAKE_PREFIX_PATH}:/opt/ros/jazzy /usr/bin/cmake --install /root/robot_project/build/warehouse_robot_comp219
