[0.424s] DEBUG:colcon:Command line arguments: ['/usr/bin/colcon', 'build', '--packages-select', 'warehouse_robot_comp219', '--base-paths', '/root/robot_project']
[0.424s] DEBUG:colcon:Parsed command line arguments: Namespace(log_base=None, log_level=None, verb_name='build', build_base='build', install_base='install', merge_install=False, symlink_install=False, test_result_base=None, continue_on_error=False, executor='parallel', parallel_workers=20, event_handlers=None, ignore_user_meta=False, metas=['./colcon.meta'], base_paths=['/root/robot_project'], packages_ignore=None, packages_ignore_regex=None, paths=None, packages_up_to=None, packages_up_to_regex=None, packages_above=None, packages_above_and_dependencies=None, packages_above_depth=None, packages_select_by_dep=None, packages_skip_by_dep=None, packages_skip_up_to=None, packages_select_build_failed=False, packages_skip_build_finished=False, packages_select_test_failures=False, packages_skip_test_passed=False, packages_select=['warehouse_robot_comp219'], packages_skip=None, packages_select_regex=None, packages_skip_regex=None, packages_start=None, packages_end=None, allow_overriding=[], cmake_args=None, cmake_target=None, cmake_target_skip_unavailable=False, cmake_clean_cache=False, cmake_clean_first=False, cmake_force_configure=False, ament_cmake_args=None, catkin_cmake_args=None, catkin_skip_building_tests=False, verb_parser=<colcon_defaults.argument_parser.defaults.DefaultArgumentsDecorator object at 0x7faf441508c0>, verb_extension=<colcon_core.verb.build.BuildVerb object at 0x7faf441504a0>, main=<bound method BuildVerb.main of <colcon_core.verb.build.BuildVerb object at 0x7faf441504a0>>)
[0.478s] Level 1:colcon.colcon_core.package_discovery:discover_packages(colcon_meta) check parameters
[0.478s] Level 1:colcon.colcon_core.package_discovery:discover_packages(recursive) check parameters
[0.478s] Level 1:colcon.colcon_core.package_discovery:discover_packages(ignore) check parameters
[0.478s] Level 1:colcon.colcon_core.package_discovery:discover_packages(path) check parameters
[0.479s] Level 1:colcon.colcon_core.package_discovery:discover_packages(recursive) discover
[0.479s] INFO:colcon.colcon_core.package_discovery:Crawling recursively for packages in '/root/robot_project'
[0.479s] Level 1:colcon.colcon_core.package_identification:_identify(/root/robot_project) by extensions ['ignore', 'ignore_ament_install']
[0.479s] Level 1:colcon.colcon_core.package_identification:_identify(/root/robot_project) by extension 'ignore'
[0.479s] Level 1:colcon.colcon_core.package_identification:_identify(/root/robot_project) by extension 'ignore_ament_install'
[0.479s] Level 1:colcon.colcon_core.package_identification:_identify(/root/robot_project) by extensions ['colcon_pkg']
[0.479s] Level 1:colcon.colcon_core.package_identification:_identify(/root/robot_project) by extension 'colcon_pkg'
[0.479s] Level 1:colcon.colcon_core.package_identification:_identify(/root/robot_project) by extensions ['colcon_meta']
[0.479s] Level 1:colcon.colcon_core.package_identification:_identify(/root/robot_project) by extension 'colcon_meta'
[0.479s] Level 1:colcon.colcon_core.package_identification:_identify(/root/robot_project) by extensions ['ros']
[0.479s] Level 1:colcon.colcon_core.package_identification:_identify(/root/robot_project) by extension 'ros'
[0.516s] DEBUG:colcon.colcon_core.package_identification:Package '/root/robot_project' with type 'ros.ament_cmake' and name 'warehouse_robot_comp219'
[0.516s] Level 1:colcon.colcon_core.package_discovery:discover_packages(recursive) using defaults
[0.536s] Level 1:colcon.colcon_core.package_discovery:discover_packages(prefix_path) check parameters
[0.536s] Level 1:colcon.colcon_core.package_discovery:discover_packages(prefix_path) discover
[0.539s] DEBUG:colcon.colcon_installed_package_information.package_discovery:Found 448 installed packages in /opt/ros/jazzy
[0.543s] Level 1:colcon.colcon_core.package_discovery:discover_packages(prefix_path) using defaults
[0.603s] Level 5:colcon.colcon_core.verb:set package 'warehouse_robot_comp219' build argument 'cmake_args' from command line to 'None'
[0.603s] Level 5:colcon.colcon_core.verb:set package 'warehouse_robot_comp219' build argument 'cmake_target' from command line to 'None'
[0.603s] Level 5:colcon.colcon_core.verb:set package 'warehouse_robot_comp219' build argument 'cmake_target_skip_unavailable' from command line to 'False'
[0.603s] Level 5:colcon.colcon_core.verb:set package 'warehouse_robot_comp219' build argument 'cmake_clean_cache' from command line to 'False'
[0.603s] Level 5:colcon.colcon_core.verb:set package 'warehouse_robot_comp219' build argument 'cmake_clean_first' from command line to 'False'
[0.603s] Level 5:colcon.colcon_core.verb:set package 'warehouse_robot_comp219' build argument 'cmake_force_configure' from command line to 'False'
[0.603s] Level 5:colcon.colcon_core.verb:set package 'warehouse_robot_comp219' build argument 'ament_cmake_args' from command line to 'None'
[0.603s] Level 5:colcon.colcon_core.verb:set package 'warehouse_robot_comp219' build argument 'catkin_cmake_args' from command line to 'None'
[0.603s] Level 5:colcon.colcon_core.verb:set package 'warehouse_robot_comp219' build argument 'catkin_skip_building_tests' from command line to 'False'
[0.603s] DEBUG:colcon.colcon_core.verb:Building package 'warehouse_robot_comp219' with the following arguments: {'ament_cmake_args': None, 'build_base': '/root/robot_project/build/warehouse_robot_comp219', 'catkin_cmake_args': None, 'catkin_skip_building_tests': False, 'cmake_args': None, 'cmake_clean_cache': False, 'cmake_clean_first': False, 'cmake_force_configure': False, 'cmake_target': None, 'cmake_target_skip_unavailable': False, 'install_base': '/root/robot_project/install/warehouse_robot_comp219', 'merge_install': False, 'path': '/root/robot_project', 'symlink_install': False, 'test_result_base': None}
[0.603s] INFO:colcon.colcon_core.executor:Executing jobs using 'parallel' executor
[0.604s] DEBUG:colcon.colcon_parallel_executor.executor.parallel:run_until_complete
[0.604s] INFO:colcon.colcon_ros.task.ament_cmake.build:Building ROS package in '/root/robot_project' with build type 'ament_cmake'
[0.605s] INFO:colcon.colcon_cmake.task.cmake.build:Building CMake package in '/root/robot_project'
[0.607s] INFO:colcon.colcon_core.plugin_system:Skipping extension 'colcon_core.shell.bat': Not used on non-Windows systems
[0.607s] INFO:colcon.colcon_core.shell:Skip shell extension 'powershell' for command environment: Not usable outside of PowerShell
[0.607s] DEBUG:colcon.colcon_core.shell:Skip shell extension 'dsv' for command environment
[0.623s] DEBUG:colcon.colcon_core.event_handler.log_command:Invoking command in '/root/robot_project/build/warehouse_robot_comp219': CMAKE_PREFIX_PATH=${CMAKE_PREFIX_PATH}:/opt/ros/jazzy /usr/bin/cmake --build /root/robot_project/build/warehouse_robot_comp219 -- -j20 -l20
[0.707s] DEBUG:colcon.colcon_core.event_handler.log_command:Invoked command in '/root/robot_project/build/warehouse_robot_comp219' returned '0': CMAKE_PREFIX_PATH=${CMAKE_PREFIX_PATH}:/opt/ros/jazzy /usr/bin/cmake --build /root/robot_project/build/warehouse_robot_comp219 -- -j20 -l20
[0.721s] DEBUG:colcon.colcon_core.event_handler.log_command:Invoking command in '/root/robot_project/build/warehouse_robot_comp219': CMAKE_PREFIX_PATH=${CMAKE_PREFIX_PATH}:/opt/ros/jazzy /usr/bin/cmake --install /root/robot_project/build/warehouse_robot_comp219
[0.736s] Level 1:colcon.colcon_core.environment:create_environment_scripts_only(warehouse_robot_comp219)
[0.738s] Level 1:colcon.colcon_core.environment:checking '/root/robot_project/install/warehouse_robot_comp219' for CMake module files
[0.740s] DEBUG:colcon.colcon_core.event_handler.log_command:Invoked command in '/root/robot_project/build/warehouse_robot_comp219' returned '0': CMAKE_PREFIX_PATH=${CMAKE_PREFIX_PATH}:/opt/ros/jazzy /usr/bin/cmake --install /root/robot_project/build/warehouse_robot_comp219
[0.740s] Level 1:colcon.colcon_core.environment:checking '/root/robot_project/install/warehouse_robot_comp219' for CMake config files
[0.740s] Level 1:colcon.colcon_core.shell:create_environment_hook('warehouse_robot_comp219', 'cmake_prefix_path')
[0.740s] INFO:colcon.colcon_core.shell:Creating environment hook '/root/robot_project/install/warehouse_robot_comp219/share/warehouse_robot_comp219/hook/cmake_prefix_path.ps1'
[0.741s] INFO:colcon.colcon_core.shell:Creating environment descriptor '/root/robot_project/install/warehouse_robot_comp219/share/warehouse_robot_comp219/hook/cmake_prefix_path.dsv'
[0.742s] INFO:colcon.colcon_core.shell:Creating environment hook '/root/robot_project/install/warehouse_robot_comp219/share/warehouse_robot_comp219/hook/cmake_prefix_path.sh'
[0.743s] Level 1:colcon.colcon_core.environment:checking '/root/robot_project/install/warehouse_robot_comp219/lib'
[0.743s] Level 1:colcon.colcon_core.environment:checking '/root/robot_project/install/warehouse_robot_comp219/bin'
[0.743s] Level 1:colcon.colcon_core.environment:checking '/root/robot_project/install/warehouse_robot_comp219/lib/pkgconfig/warehouse_robot_comp219.pc'
[0.743s] Level 1:colcon.colcon_core.environment:checking '/root/robot_project/install/warehouse_robot_comp219/lib/python3.12/site-packages'
[0.744s] Level 1:colcon.colcon_core.environment:checking '/root/robot_project/install/warehouse_robot_comp219/bin'
[0.744s] INFO:colcon.colcon_core.shell:Creating package script '/root/robot_project/install/warehouse_robot_comp219/share/warehouse_robot_comp219/package.ps1'
[0.745s] INFO:colcon.colcon_core.shell:Creating package descriptor '/root/robot_project/install/warehouse_robot_comp219/share/warehouse_robot_comp219/package.dsv'
[0.746s] INFO:colcon.colcon_core.shell:Creating package script '/root/robot_project/install/warehouse_robot_comp219/share/warehouse_robot_comp219/package.sh'
[0.747s] INFO:colcon.colcon_core.shell:Creating package script '/root/robot_project/install/warehouse_robot_comp219/share/warehouse_robot_comp219/package.bash'
[0.747s] INFO:colcon.colcon_core.shell:Creating package script '/root/robot_project/install/warehouse_robot_comp219/share/warehouse_robot_comp219/package.zsh'
[0.748s] Level 1:colcon.colcon_core.environment:create_file_with_runtime_dependencies(/root/robot_project/install/warehouse_robot_comp219/share/colcon-core/packages/warehouse_robot_comp219)
[0.749s] Level 1:colcon.colcon_core.environment:create_environment_scripts_only(warehouse_robot_comp219)
[0.749s] Level 1:colcon.colcon_core.environment:checking '/root/robot_project/install/warehouse_robot_comp219' for CMake module files
[0.749s] Level 1:colcon.colcon_core.environment:checking '/root/robot_project/install/warehouse_robot_comp219' for CMake config files
[0.749s] Level 1:colcon.colcon_core.shell:create_environment_hook('warehouse_robot_comp219', 'cmake_prefix_path')
[0.749s] INFO:colcon.colcon_core.shell:Creating environment hook '/root/robot_project/install/warehouse_robot_comp219/share/warehouse_robot_comp219/hook/cmake_prefix_path.ps1'
[0.750s] INFO:colcon.colcon_core.shell:Creating environment descriptor '/root/robot_project/install/warehouse_robot_comp219/share/warehouse_robot_comp219/hook/cmake_prefix_path.dsv'
[0.750s] INFO:colcon.colcon_core.shell:Creating environment hook '/root/robot_project/install/warehouse_robot_comp219/share/warehouse_robot_comp219/hook/cmake_prefix_path.sh'
[0.751s] Level 1:colcon.colcon_core.environment:checking '/root/robot_project/install/warehouse_robot_comp219/lib'
[0.751s] Level 1:colcon.colcon_core.environment:checking '/root/robot_project/install/warehouse_robot_comp219/bin'
[0.751s] Level 1:colcon.colcon_core.environment:checking '/root/robot_project/install/warehouse_robot_comp219/lib/pkgconfig/warehouse_robot_comp219.pc'
[0.751s] Level 1:colcon.colcon_core.environment:checking '/root/robot_project/install/warehouse_robot_comp219/lib/python3.12/site-packages'
[0.751s] Level 1:colcon.colcon_core.environment:checking '/root/robot_project/install/warehouse_robot_comp219/bin'
[0.752s] INFO:colcon.colcon_core.shell:Creating package script '/root/robot_project/install/warehouse_robot_comp219/share/warehouse_robot_comp219/package.ps1'
[0.752s] INFO:colcon.colcon_core.shell:Creating package descriptor '/root/robot_project/install/warehouse_robot_comp219/share/warehouse_robot_comp219/package.dsv'
[0.753s] INFO:colcon.colcon_core.shell:Creating package script '/root/robot_project/install/warehouse_robot_comp219/share/warehouse_robot_comp219/package.sh'
[0.753s] INFO:colcon.colcon_core.shell:Creating package script '/root/robot_project/install/warehouse_robot_comp219/share/warehouse_robot_comp219/package.bash'
[0.753s] INFO:colcon.colcon_core.shell:Creating package script '/root/robot_project/install/warehouse_robot_comp219/share/warehouse_robot_comp219/package.zsh'
[0.754s] Level 1:colcon.colcon_core.environment:create_file_with_runtime_dependencies(/root/robot_project/install/warehouse_robot_comp219/share/colcon-core/packages/warehouse_robot_comp219)
[0.754s] DEBUG:colcon.colcon_parallel_executor.executor.parallel:closing loop
[0.755s] DEBUG:colcon.colcon_parallel_executor.executor.parallel:loop closed
[0.755s] DEBUG:colcon.colcon_parallel_executor.executor.parallel:run_until_complete finished with '0'
[0.756s] DEBUG:colcon.colcon_core.event_reactor:joining thread
[0.894s] INFO:colcon.colcon_core.plugin_system:Skipping extension 'colcon_notification.desktop_notification.notify_send': Could not find 'notify-send'
[0.894s] INFO:colcon.colcon_core.plugin_system:Skipping extension 'colcon_notification.desktop_notification.terminal_notifier': Not used on non-Darwin systems
[0.894s] INFO:colcon.colcon_core.plugin_system:Skipping extension 'colcon_notification.desktop_notification.win32': Not used on non-Windows systems
[0.895s] INFO:colcon.colcon_notification.desktop_notification:Sending desktop notification using 'notify2'
[0.896s] DEBUG:colcon.colcon_notification.desktop_notification.notify2:Failed to initialize notify2: org.freedesktop.DBus.Error.ServiceUnknown: The name org.freedesktop.Notifications was not provided by any .service files
[0.896s] DEBUG:colcon.colcon_core.event_reactor:joined thread
[0.896s] INFO:colcon.colcon_core.shell:Creating prefix script '/root/robot_project/install/local_setup.ps1'
[0.898s] INFO:colcon.colcon_core.shell:Creating prefix util module '/root/robot_project/install/_local_setup_util_ps1.py'
[0.899s] INFO:colcon.colcon_core.shell:Creating prefix chain script '/root/robot_project/install/setup.ps1'
[0.899s] INFO:colcon.colcon_core.shell:Creating prefix script '/root/robot_project/install/local_setup.sh'
[0.900s] INFO:colcon.colcon_core.shell:Creating prefix util module '/root/robot_project/install/_local_setup_util_sh.py'
[0.901s] INFO:colcon.colcon_core.shell:Creating prefix chain script '/root/robot_project/install/setup.sh'
[0.902s] INFO:colcon.colcon_core.shell:Creating prefix script '/root/robot_project/install/local_setup.bash'
[0.902s] INFO:colcon.colcon_core.shell:Creating prefix chain script '/root/robot_project/install/setup.bash'
[0.904s] INFO:colcon.colcon_core.shell:Creating prefix script '/root/robot_project/install/local_setup.zsh'
[0.905s] INFO:colcon.colcon_core.shell:Creating prefix chain script '/root/robot_project/install/setup.zsh'
