[0.953s] DEBUG:colcon:Command line arguments: ['/usr/bin/colcon', 'build', '--packages-select', 'warehouse_robot_comp219', '--base-paths', '/root/robot_project']
[0.953s] DEBUG:colcon:Parsed command line arguments: Namespace(log_base=None, log_level=None, verb_name='build', build_base='build', install_base='install', merge_install=False, symlink_install=False, test_result_base=None, continue_on_error=False, executor='parallel', parallel_workers=20, event_handlers=None, ignore_user_meta=False, metas=['./colcon.meta'], base_paths=['/root/robot_project'], packages_ignore=None, packages_ignore_regex=None, paths=None, packages_up_to=None, packages_up_to_regex=None, packages_above=None, packages_above_and_dependencies=None, packages_above_depth=None, packages_select_by_dep=None, packages_skip_by_dep=None, packages_skip_up_to=None, packages_select_build_failed=False, packages_skip_build_finished=False, packages_select_test_failures=False, packages_skip_test_passed=False, packages_select=['warehouse_robot_comp219'], packages_skip=None, packages_select_regex=None, packages_skip_regex=None, packages_start=None, packages_end=None, allow_overriding=[], cmake_args=None, cmake_target=None, cmake_target_skip_unavailable=False, cmake_clean_cache=False, cmake_clean_first=False, cmake_force_configure=False, ament_cmake_args=None, catkin_cmake_args=None, catkin_skip_building_tests=False, verb_parser=<colcon_defaults.argument_parser.defaults.DefaultArgumentsDecorator object at 0x7f749a6d4800>, verb_extension=<colcon_core.verb.build.BuildVerb object at 0x7f749a6d43b0>, main=<bound method BuildVerb.main of <colcon_core.verb.build.BuildVerb object at 0x7f749a6d43b0>>)
[0.989s] Level 1:colcon.colcon_core.package_discovery:discover_packages(colcon_meta) check parameters
[0.990s] Level 1:colcon.colcon_core.package_discovery:discover_packages(recursive) check parameters
[0.990s] Level 1:colcon.colcon_core.package_discovery:discover_packages(ignore) check parameters
[0.990s] Level 1:colcon.colcon_core.package_discovery:discover_packages(path) check parameters
[0.990s] Level 1:colcon.colcon_core.package_discovery:discover_packages(recursive) discover
[0.990s] INFO:colcon.colcon_core.package_discovery:Crawling recursively for packages in '/root/robot_project'
[0.990s] Level 1:colcon.colcon_core.package_identification:_identify(/root/robot_project) by extensions ['ignore', 'ignore_ament_install']
[0.990s] Level 1:colcon.colcon_core.package_identification:_identify(/root/robot_project) by extension 'ignore'
[0.990s] Level 1:colcon.colcon_core.package_identification:_identify(/root/robot_project) by extension 'ignore_ament_install'
[0.990s] Level 1:colcon.colcon_core.package_identification:_identify(/root/robot_project) by extensions ['colcon_pkg']
[0.990s] Level 1:colcon.colcon_core.package_identification:_identify(/root/robot_project) by extension 'colcon_pkg'
[0.990s] Level 1:colcon.colcon_core.package_identification:_identify(/root/robot_project) by extensions ['colcon_meta']
[0.990s] Level 1:colcon.colcon_core.package_identification:_identify(/root/robot_project) by extension 'colcon_meta'
[0.990s] Level 1:colcon.colcon_core.package_identification:_identify(/root/robot_project) by extensions ['ros']
[0.990s] Level 1:colcon.colcon_core.package_identification:_identify(/root/robot_project) by extension 'ros'
[1.018s] DEBUG:colcon.colcon_core.package_identification:Package '/root/robot_project' with type 'ros.ament_cmake' and name 'warehouse_robot_comp219'
[1.019s] Level 1:colcon.colcon_core.package_discovery:discover_packages(recursive) using defaults
[1.037s] Level 1:colcon.colcon_core.package_discovery:discover_packages(prefix_path) check parameters
[1.037s] Level 1:colcon.colcon_core.package_discovery:discover_packages(prefix_path) discover
[1.038s] DEBUG:colcon.colcon_installed_package_information.package_discovery:Found 1 installed packages in /root/install
[1.040s] DEBUG:colcon.colcon_installed_package_information.package_discovery:Found 448 installed packages in /opt/ros/jazzy
[1.042s] Level 1:colcon.colcon_core.package_discovery:discover_packages(prefix_path) using defaults
[1.085s] Level 5:colcon.colcon_core.verb:set package 'warehouse_robot_comp219' build argument 'cmake_args' from command line to 'None'
[1.086s] Level 5:colcon.colcon_core.verb:set package 'warehouse_robot_comp219' build argument 'cmake_target' from command line to 'None'
[1.086s] Level 5:colcon.colcon_core.verb:set package 'warehouse_robot_comp219' build argument 'cmake_target_skip_unavailable' from command line to 'False'
[1.086s] Level 5:colcon.colcon_core.verb:set package 'warehouse_robot_comp219' build argument 'cmake_clean_cache' from command line to 'False'
[1.086s] Level 5:colcon.colcon_core.verb:set package 'warehouse_robot_comp219' build argument 'cmake_clean_first' from command line to 'False'
[1.086s] Level 5:colcon.colcon_core.verb:set package 'warehouse_robot_comp219' build argument 'cmake_force_configure' from command line to 'False'
[1.086s] Level 5:colcon.colcon_core.verb:set package 'warehouse_robot_comp219' build argument 'ament_cmake_args' from command line to 'None'
[1.086s] Level 5:colcon.colcon_core.verb:set package 'warehouse_robot_comp219' build argument 'catkin_cmake_args' from command line to 'None'
[1.086s] Level 5:colcon.colcon_core.verb:set package 'warehouse_robot_comp219' build argument 'catkin_skip_building_tests' from command line to 'False'
[1.086s] DEBUG:colcon.colcon_core.verb:Building package 'warehouse_robot_comp219' with the following arguments: {'ament_cmake_args': None, 'build_base': '/root/robot_project/build/warehouse_robot_comp219', 'catkin_cmake_args': None, 'catkin_skip_building_tests': False, 'cmake_args': None, 'cmake_clean_cache': False, 'cmake_clean_first': False, 'cmake_force_configure': False, 'cmake_target': None, 'cmake_target_skip_unavailable': False, 'install_base': '/root/robot_project/install/warehouse_robot_comp219', 'merge_install': False, 'path': '/root/robot_project', 'symlink_install': False, 'test_result_base': None}
[1.086s] INFO:colcon.colcon_core.executor:Executing jobs using 'parallel' executor
[1.087s] DEBUG:colcon.colcon_parallel_executor.executor.parallel:run_until_complete
[1.087s] INFO:colcon.colcon_ros.task.ament_cmake.build:Building ROS package in '/root/robot_project' with build type 'ament_cmake'
[1.087s] INFO:colcon.colcon_cmake.task.cmake.build:Building CMake package in '/root/robot_project'
[1.089s] INFO:colcon.colcon_core.plugin_system:Skipping extension 'colcon_core.shell.bat': Not used on non-Windows systems
[1.089s] INFO:colcon.colcon_core.shell:Skip shell extension 'powershell' for command environment: Not usable outside of PowerShell
[1.089s] DEBUG:colcon.colcon_core.shell:Skip shell extension 'dsv' for command environment
[1.099s] DEBUG:colcon.colcon_core.event_handler.log_command:Invoking command in '/root/robot_project/build/warehouse_robot_comp219': CMAKE_PREFIX_PATH=${CMAKE_PREFIX_PATH}:/opt/ros/jazzy /usr/bin/cmake --build /root/robot_project/build/warehouse_robot_comp219 -- -j20 -l20
[1.159s] DEBUG:colcon.colcon_core.event_handler.log_command:Invoked command in '/root/robot_project/build/warehouse_robot_comp219' returned '0': CMAKE_PREFIX_PATH=${CMAKE_PREFIX_PATH}:/opt/ros/jazzy /usr/bin/cmake --build /root/robot_project/build/warehouse_robot_comp219 -- -j20 -l20
[1.168s] DEBUG:colcon.colcon_core.event_handler.log_command:Invoking command in '/root/robot_project/build/warehouse_robot_comp219': CMAKE_PREFIX_PATH=${CMAKE_PREFIX_PATH}:/opt/ros/jazzy /usr/bin/cmake --install /root/robot_project/build/warehouse_robot_comp219
[1.180s] Level 1:colcon.colcon_core.environment:create_environment_scripts_only(warehouse_robot_comp219)
[1.181s] DEBUG:colcon.colcon_core.event_handler.log_command:Invoked command in '/root/robot_project/build/warehouse_robot_comp219' returned '0': CMAKE_PREFIX_PATH=${CMAKE_PREFIX_PATH}:/opt/ros/jazzy /usr/bin/cmake --install /root/robot_project/build/warehouse_robot_comp219
[1.182s] Level 1:colcon.colcon_core.environment:checking '/root/robot_project/install/warehouse_robot_comp219' for CMake module files
[1.183s] Level 1:colcon.colcon_core.environment:checking '/root/robot_project/install/warehouse_robot_comp219' for CMake config files
[1.183s] Level 1:colcon.colcon_core.shell:create_environment_hook('warehouse_robot_comp219', 'cmake_prefix_path')
[1.183s] INFO:colcon.colcon_core.shell:Creating environment hook '/root/robot_project/install/warehouse_robot_comp219/share/warehouse_robot_comp219/hook/cmake_prefix_path.ps1'
[1.184s] INFO:colcon.colcon_core.shell:Creating environment descriptor '/root/robot_project/install/warehouse_robot_comp219/share/warehouse_robot_comp219/hook/cmake_prefix_path.dsv'
[1.184s] INFO:colcon.colcon_core.shell:Creating environment hook '/root/robot_project/install/warehouse_robot_comp219/share/warehouse_robot_comp219/hook/cmake_prefix_path.sh'
[1.185s] Level 1:colcon.colcon_core.environment:checking '/root/robot_project/install/warehouse_robot_comp219/lib'
[1.185s] Level 1:colcon.colcon_core.environment:checking '/root/robot_project/install/warehouse_robot_comp219/bin'
[1.185s] Level 1:colcon.colcon_core.environment:checking '/root/robot_project/install/warehouse_robot_comp219/lib/pkgconfig/warehouse_robot_comp219.pc'
[1.185s] Level 1:colcon.colcon_core.environment:checking '/root/robot_project/install/warehouse_robot_comp219/lib/python3.12/site-packages'
[1.186s] Level 1:colcon.colcon_core.environment:checking '/root/robot_project/install/warehouse_robot_comp219/bin'
[1.186s] INFO:colcon.colcon_core.shell:Creating package script '/root/robot_project/install/warehouse_robot_comp219/share/warehouse_robot_comp219/package.ps1'
[1.186s] INFO:colcon.colcon_core.shell:Creating package descriptor '/root/robot_project/install/warehouse_robot_comp219/share/warehouse_robot_comp219/package.dsv'
[1.187s] INFO:colcon.colcon_core.shell:Creating package script '/root/robot_project/install/warehouse_robot_comp219/share/warehouse_robot_comp219/package.sh'
[1.188s] INFO:colcon.colcon_core.shell:Creating package script '/root/robot_project/install/warehouse_robot_comp219/share/warehouse_robot_comp219/package.bash'
[1.188s] INFO:colcon.colcon_core.shell:Creating package script '/root/robot_project/install/warehouse_robot_comp219/share/warehouse_robot_comp219/package.zsh'
[1.189s] Level 1:colcon.colcon_core.environment:create_file_with_runtime_dependencies(/root/robot_project/install/warehouse_robot_comp219/share/colcon-core/packages/warehouse_robot_comp219)
[1.189s] Level 1:colcon.colcon_core.environment:create_environment_scripts_only(warehouse_robot_comp219)
[1.189s] Level 1:colcon.colcon_core.environment:checking '/root/robot_project/install/warehouse_robot_comp219' for CMake module files
[1.190s] Level 1:colcon.colcon_core.environment:checking '/root/robot_project/install/warehouse_robot_comp219' for CMake config files
[1.190s] Level 1:colcon.colcon_core.shell:create_environment_hook('warehouse_robot_comp219', 'cmake_prefix_path')
[1.190s] INFO:colcon.colcon_core.shell:Creating environment hook '/root/robot_project/install/warehouse_robot_comp219/share/warehouse_robot_comp219/hook/cmake_prefix_path.ps1'
[1.190s] INFO:colcon.colcon_core.shell:Creating environment descriptor '/root/robot_project/install/warehouse_robot_comp219/share/warehouse_robot_comp219/hook/cmake_prefix_path.dsv'
[1.190s] INFO:colcon.colcon_core.shell:Creating environment hook '/root/robot_project/install/warehouse_robot_comp219/share/warehouse_robot_comp219/hook/cmake_prefix_path.sh'
[1.191s] Level 1:colcon.colcon_core.environment:checking '/root/robot_project/install/warehouse_robot_comp219/lib'
[1.191s] Level 1:colcon.colcon_core.environment:checking '/root/robot_project/install/warehouse_robot_comp219/bin'
[1.191s] Level 1:colcon.colcon_core.environment:checking '/root/robot_project/install/warehouse_robot_comp219/lib/pkgconfig/warehouse_robot_comp219.pc'
[1.191s] Level 1:colcon.colcon_core.environment:checking '/root/robot_project/install/warehouse_robot_comp219/lib/python3.12/site-packages'
[1.192s] Level 1:colcon.colcon_core.environment:checking '/root/robot_project/install/warehouse_robot_comp219/bin'
[1.192s] INFO:colcon.colcon_core.shell:Creating package script '/root/robot_project/install/warehouse_robot_comp219/share/warehouse_robot_comp219/package.ps1'
[1.192s] INFO:colcon.colcon_core.shell:Creating package descriptor '/root/robot_project/install/warehouse_robot_comp219/share/warehouse_robot_comp219/package.dsv'
[1.193s] INFO:colcon.colcon_core.shell:Creating package script '/root/robot_project/install/warehouse_robot_comp219/share/warehouse_robot_comp219/package.sh'
[1.193s] INFO:colcon.colcon_core.shell:Creating package script '/root/robot_project/install/warehouse_robot_comp219/share/warehouse_robot_comp219/package.bash'
[1.193s] INFO:colcon.colcon_core.shell:Creating package script '/root/robot_project/install/warehouse_robot_comp219/share/warehouse_robot_comp219/package.zsh'
[1.193s] Level 1:colcon.colcon_core.environment:create_file_with_runtime_dependencies(/root/robot_project/install/warehouse_robot_comp219/share/colcon-core/packages/warehouse_robot_comp219)
[1.194s] DEBUG:colcon.colcon_parallel_executor.executor.parallel:closing loop
[1.194s] DEBUG:colcon.colcon_parallel_executor.executor.parallel:loop closed
[1.195s] DEBUG:colcon.colcon_parallel_executor.executor.parallel:run_until_complete finished with '0'
[1.195s] DEBUG:colcon.colcon_core.event_reactor:joining thread
[1.398s] INFO:colcon.colcon_core.plugin_system:Skipping extension 'colcon_notification.desktop_notification.notify_send': Could not find 'notify-send'
[1.399s] INFO:colcon.colcon_core.plugin_system:Skipping extension 'colcon_notification.desktop_notification.terminal_notifier': Not used on non-Darwin systems
[1.399s] INFO:colcon.colcon_core.plugin_system:Skipping extension 'colcon_notification.desktop_notification.win32': Not used on non-Windows systems
[1.399s] INFO:colcon.colcon_notification.desktop_notification:Sending desktop notification using 'notify2'
[1.402s] DEBUG:colcon.colcon_notification.desktop_notification.notify2:Failed to initialize notify2: org.freedesktop.DBus.Error.ServiceUnknown: The name org.freedesktop.Notifications was not provided by any .service files
[1.402s] DEBUG:colcon.colcon_core.event_reactor:joined thread
[1.403s] INFO:colcon.colcon_core.shell:Creating prefix script '/root/robot_project/install/local_setup.ps1'
[1.404s] INFO:colcon.colcon_core.shell:Creating prefix util module '/root/robot_project/install/_local_setup_util_ps1.py'
[1.405s] INFO:colcon.colcon_core.shell:Creating prefix chain script '/root/robot_project/install/setup.ps1'
[1.406s] INFO:colcon.colcon_core.shell:Creating prefix script '/root/robot_project/install/local_setup.sh'
[1.406s] INFO:colcon.colcon_core.shell:Creating prefix util module '/root/robot_project/install/_local_setup_util_sh.py'
[1.407s] INFO:colcon.colcon_core.shell:Creating prefix chain script '/root/robot_project/install/setup.sh'
[1.407s] INFO:colcon.colcon_core.shell:Creating prefix script '/root/robot_project/install/local_setup.bash'
[1.408s] INFO:colcon.colcon_core.shell:Creating prefix chain script '/root/robot_project/install/setup.bash'
[1.408s] INFO:colcon.colcon_core.shell:Creating prefix script '/root/robot_project/install/local_setup.zsh'
[1.409s] INFO:colcon.colcon_core.shell:Creating prefix chain script '/root/robot_project/install/setup.zsh'
