[100%] Built target nav_menu_client
-- Install configuration: ""
-- Up-to-date: /root/robot_project/install/warehouse_robot_comp219/share/warehouse_robot_comp219/worlds
-- Up-to-date: /root/robot_project/install/warehouse_robot_comp219/share/warehouse_robot_comp219/worlds/warehouse.world
-- Up-to-date: /root/robot_project/install/warehouse_robot_comp219/share/warehouse_robot_comp219/urdf
-- Up-to-date: /root/robot_project/install/warehouse_robot_comp219/share/warehouse_robot_comp219/urdf/warehouse_robot.urdf.xacro
-- Up-to-date: /root/robot_project/install/warehouse_robot_comp219/share/warehouse_robot_comp219/urdf/warehouse_robot.urdf
-- Up-to-date: /root/robot_project/install/warehouse_robot_comp219/share/warehouse_robot_comp219/launch
-- Installing: /root/robot_project/install/warehouse_robot_comp219/share/warehouse_robot_comp219/launch/sim.launch.py
-- Up-to-date: /root/robot_project/install/warehouse_robot_comp219/share/warehouse_robot_comp219/launch/nav2.launch.py
-- Up-to-date: /root/robot_project/install/warehouse_robot_comp219/share/warehouse_robot_comp219/launch/slam.launch.py
-- Up-to-date: /root/robot_project/install/warehouse_robot_comp219/share/warehouse_robot_comp219/config
-- Up-to-date: /root/robot_project/install/warehouse_robot_comp219/share/warehouse_robot_comp219/config/ros_gz_bridge.yaml
-- Up-to-date: /root/robot_project/install/warehouse_robot_comp219/share/warehouse_robot_comp219/config/slam_toolbox.yaml
-- Up-to-date: /root/robot_project/install/warehouse_robot_comp219/share/warehouse_robot_comp219/config/nav2_params.yaml
-- Up-to-date: /root/robot_project/install/warehouse_robot_comp219/share/warehouse_robot_comp219/maps
-- Up-to-date: /root/robot_project/install/warehouse_robot_comp219/share/warehouse_robot_comp219/maps/warehouse_map.pgm
-- Up-to-date: /root/robot_project/install/warehouse_robot_comp219/share/warehouse_robot_comp219/maps/warehouse_map.yaml
-- Installing: /root/robot_project/install/warehouse_robot_comp219/lib/warehouse_robot_comp219/odom_tf_publisher.py
-- Up-to-date: /root/robot_project/install/warehouse_robot_comp219/lib/warehouse_robot_comp219/nav_menu_client
-- Up-to-date: /root/robot_project/install/warehouse_robot_comp219/share/ament_index/resource_index/package_run_dependencies/warehouse_robot_comp219
-- Up-to-date: /root/robot_project/install/warehouse_robot_comp219/share/ament_index/resource_index/parent_prefix_path/warehouse_robot_comp219
-- Up-to-date: /root/robot_project/install/warehouse_robot_comp219/share/warehouse_robot_comp219/environment/ament_prefix_path.sh
-- Up-to-date: /root/robot_project/install/warehouse_robot_comp219/share/warehouse_robot_comp219/environment/ament_prefix_path.dsv
-- Up-to-date: /root/robot_project/install/warehouse_robot_comp219/share/warehouse_robot_comp219/environment/path.sh
-- Up-to-date: /root/robot_project/install/warehouse_robot_comp219/share/warehouse_robot_comp219/environment/path.dsv
-- Up-to-date: /root/robot_project/install/warehouse_robot_comp219/share/warehouse_robot_comp219/local_setup.bash
-- Up-to-date: /root/robot_project/install/warehouse_robot_comp219/share/warehouse_robot_comp219/local_setup.sh
-- Up-to-date: /root/robot_project/install/warehouse_robot_comp219/share/warehouse_robot_comp219/local_setup.zsh
-- Up-to-date: /root/robot_project/install/warehouse_robot_comp219/share/warehouse_robot_comp219/local_setup.dsv
-- Installing: /root/robot_project/install/warehouse_robot_comp219/share/warehouse_robot_comp219/package.dsv
-- Up-to-date: /root/robot_project/install/warehouse_robot_comp219/share/ament_index/resource_index/packages/warehouse_robot_comp219
-- Up-to-date: /root/robot_project/install/warehouse_robot_comp219/share/warehouse_robot_comp219/cmake/warehouse_robot_comp219Config.cmake
-- Up-to-date: /root/robot_project/install/warehouse_robot_comp219/share/warehouse_robot_comp219/cmake/warehouse_robot_comp219Config-version.cmake
-- Up-to-date: /root/robot_project/install/warehouse_robot_comp219/share/warehouse_robot_comp219/package.xml
