[0.380s] DEBUG:colcon:Command line arguments: ['/usr/bin/colcon', 'build', '--packages-select', 'warehouse_robot_comp219', '--symlink-install']
[0.380s] DEBUG:colcon:Parsed command line arguments: Namespace(log_base=None, log_level=None, verb_name='build', build_base='build', install_base='install', merge_install=False, symlink_install=True, test_result_base=None, continue_on_error=False, executor='parallel', parallel_workers=20, event_handlers=None, ignore_user_meta=False, metas=['./colcon.meta'], base_paths=['.'], packages_ignore=None, packages_ignore_regex=None, paths=None, packages_up_to=None, packages_up_to_regex=None, packages_above=None, packages_above_and_dependencies=None, packages_above_depth=None, packages_select_by_dep=None, packages_skip_by_dep=None, packages_skip_up_to=None, packages_select_build_failed=False, packages_skip_build_finished=False, packages_select_test_failures=False, packages_skip_test_passed=False, packages_select=['warehouse_robot_comp219'], packages_skip=None, packages_select_regex=None, packages_skip_regex=None, packages_start=None, packages_end=None, allow_overriding=[], cmake_args=None, cmake_target=None, cmake_target_skip_unavailable=False, cmake_clean_cache=False, cmake_clean_first=False, cmake_force_configure=False, ament_cmake_args=None, catkin_cmake_args=None, catkin_skip_building_tests=False, verb_parser=<colcon_defaults.argument_parser.defaults.DefaultArgumentsDecorator object at 0x7f96eef8ce60>, verb_extension=<colcon_core.verb.build.BuildVerb object at 0x7f96eef8ca40>, main=<bound method BuildVerb.main of <colcon_core.verb.build.BuildVerb object at 0x7f96eef8ca40>>)
[0.425s] Level 1:colcon.colcon_core.package_discovery:discover_packages(colcon_meta) check parameters
[0.425s] Level 1:colcon.colcon_core.package_discovery:discover_packages(recursive) check parameters
[0.426s] Level 1:colcon.colcon_core.package_discovery:discover_packages(ignore) check parameters
[0.426s] Level 1:colcon.colcon_core.package_discovery:discover_packages(path) check parameters
[0.426s] Level 1:colcon.colcon_core.package_discovery:discover_packages(colcon_meta) discover
[0.426s] Level 1:colcon.colcon_core.package_discovery:discover_packages(recursive) discover
[0.426s] INFO:colcon.colcon_core.package_discovery:Crawling recursively for packages in '/root/robot_project'
[0.426s] Level 1:colcon.colcon_core.package_identification:_identify(.) by extensions ['ignore', 'ignore_ament_install']
[0.426s] Level 1:colcon.colcon_core.package_identification:_identify(.) by extension 'ignore'
[0.426s] Level 1:colcon.colcon_core.package_identification:_identify(.) by extension 'ignore_ament_install'
[0.426s] Level 1:colcon.colcon_core.package_identification:_identify(.) by extensions ['colcon_pkg']
[0.426s] Level 1:colcon.colcon_core.package_identification:_identify(.) by extension 'colcon_pkg'
[0.427s] Level 1:colcon.colcon_core.package_identification:_identify(.) by extensions ['colcon_meta']
[0.427s] Level 1:colcon.colcon_core.package_identification:_identify(.) by extension 'colcon_meta'
[0.427s] Level 1:colcon.colcon_core.package_identification:_identify(.) by extensions ['ros']
[0.427s] Level 1:colcon.colcon_core.package_identification:_identify(.) by extension 'ros'
[0.462s] DEBUG:colcon.colcon_core.package_identification:Package '.' with type 'ros.ament_cmake' and name 'warehouse_robot_comp219'
[0.462s] Level 1:colcon.colcon_core.package_discovery:discover_packages(recursive) using defaults
[0.462s] Level 1:colcon.colcon_core.package_discovery:discover_packages(ignore) discover
[0.462s] Level 1:colcon.colcon_core.package_discovery:discover_packages(ignore) using defaults
[0.462s] Level 1:colcon.colcon_core.package_discovery:discover_packages(path) discover
[0.462s] Level 1:colcon.colcon_core.package_discovery:discover_packages(path) using defaults
[0.485s] Level 1:colcon.colcon_core.package_discovery:discover_packages(prefix_path) check parameters
[0.485s] Level 1:colcon.colcon_core.package_discovery:discover_packages(prefix_path) discover
[0.487s] DEBUG:colcon.colcon_installed_package_information.package_discovery:Found 1 installed packages in /root/install
[0.489s] DEBUG:colcon.colcon_installed_package_information.package_discovery:Found 448 installed packages in /opt/ros/jazzy
[0.491s] Level 1:colcon.colcon_core.package_discovery:discover_packages(prefix_path) using defaults
[0.551s] Level 5:colcon.colcon_core.verb:set package 'warehouse_robot_comp219' build argument 'cmake_args' from command line to 'None'
[0.551s] Level 5:colcon.colcon_core.verb:set package 'warehouse_robot_comp219' build argument 'cmake_target' from command line to 'None'
[0.551s] Level 5:colcon.colcon_core.verb:set package 'warehouse_robot_comp219' build argument 'cmake_target_skip_unavailable' from command line to 'False'
[0.551s] Level 5:colcon.colcon_core.verb:set package 'warehouse_robot_comp219' build argument 'cmake_clean_cache' from command line to 'False'
[0.551s] Level 5:colcon.colcon_core.verb:set package 'warehouse_robot_comp219' build argument 'cmake_clean_first' from command line to 'False'
[0.551s] Level 5:colcon.colcon_core.verb:set package 'warehouse_robot_comp219' build argument 'cmake_force_configure' from command line to 'False'
[0.551s] Level 5:colcon.colcon_core.verb:set package 'warehouse_robot_comp219' build argument 'ament_cmake_args' from command line to 'None'
[0.551s] Level 5:colcon.colcon_core.verb:set package 'warehouse_robot_comp219' build argument 'catkin_cmake_args' from command line to 'None'
[0.551s] Level 5:colcon.colcon_core.verb:set package 'warehouse_robot_comp219' build argument 'catkin_skip_building_tests' from command line to 'False'
[0.551s] DEBUG:colcon.colcon_core.verb:Building package 'warehouse_robot_comp219' with the following arguments: {'ament_cmake_args': None, 'build_base': '/root/robot_project/build/warehouse_robot_comp219', 'catkin_cmake_args': None, 'catkin_skip_building_tests': False, 'cmake_args': None, 'cmake_clean_cache': False, 'cmake_clean_first': False, 'cmake_force_configure': False, 'cmake_target': None, 'cmake_target_skip_unavailable': False, 'install_base': '/root/robot_project/install/warehouse_robot_comp219', 'merge_install': False, 'path': '/root/robot_project', 'symlink_install': True, 'test_result_base': None}
[0.552s] INFO:colcon.colcon_core.executor:Executing jobs using 'parallel' executor
[0.553s] DEBUG:colcon.colcon_parallel_executor.executor.parallel:run_until_complete
[0.554s] INFO:colcon.colcon_ros.task.ament_cmake.build:Building ROS package in '/root/robot_project' with build type 'ament_cmake'
[0.554s] INFO:colcon.colcon_cmake.task.cmake.build:Building CMake package in '/root/robot_project'
[0.557s] INFO:colcon.colcon_core.plugin_system:Skipping extension 'colcon_core.shell.bat': Not used on non-Windows systems
[0.558s] INFO:colcon.colcon_core.shell:Skip shell extension 'powershell' for command environment: Not usable outside of PowerShell
[0.558s] DEBUG:colcon.colcon_core.shell:Skip shell extension 'dsv' for command environment
[0.572s] DEBUG:colcon.colcon_core.event_handler.log_command:Invoking command in '/root/robot_project/build/warehouse_robot_comp219': CMAKE_PREFIX_PATH=${CMAKE_PREFIX_PATH}:/opt/ros/jazzy /usr/bin/cmake /root/robot_project -DAMENT_CMAKE_SYMLINK_INSTALL=1 -DCMAKE_INSTALL_PREFIX=/root/robot_project/install/warehouse_robot_comp219
[3.246s] DEBUG:colcon.colcon_core.event_handler.log_command:Invoked command in '/root/robot_project/build/warehouse_robot_comp219' returned '0': CMAKE_PREFIX_PATH=${CMAKE_PREFIX_PATH}:/opt/ros/jazzy /usr/bin/cmake /root/robot_project -DAMENT_CMAKE_SYMLINK_INSTALL=1 -DCMAKE_INSTALL_PREFIX=/root/robot_project/install/warehouse_robot_comp219
[3.247s] DEBUG:colcon.colcon_core.event_handler.log_command:Invoking command in '/root/robot_project/build/warehouse_robot_comp219': CMAKE_PREFIX_PATH=${CMAKE_PREFIX_PATH}:/opt/ros/jazzy /usr/bin/cmake --build /root/robot_project/build/warehouse_robot_comp219 -- -j20 -l20
[18.426s] DEBUG:colcon.colcon_core.event_handler.log_command:Invoked command in '/root/robot_project/build/warehouse_robot_comp219' returned '0': CMAKE_PREFIX_PATH=${CMAKE_PREFIX_PATH}:/opt/ros/jazzy /usr/bin/cmake --build /root/robot_project/build/warehouse_robot_comp219 -- -j20 -l20
[18.437s] DEBUG:colcon.colcon_core.event_handler.log_command:Invoking command in '/root/robot_project/build/warehouse_robot_comp219': CMAKE_PREFIX_PATH=${CMAKE_PREFIX_PATH}:/opt/ros/jazzy /usr/bin/cmake --install /root/robot_project/build/warehouse_robot_comp219
[18.741s] Level 1:colcon.colcon_core.environment:create_environment_scripts_only(warehouse_robot_comp219)
[18.744s] Level 1:colcon.colcon_core.environment:checking '/root/robot_project/install/warehouse_robot_comp219' for CMake module files
[18.745s] Level 1:colcon.colcon_core.environment:checking '/root/robot_project/install/warehouse_robot_comp219' for CMake config files
[18.745s] Level 1:colcon.colcon_core.shell:create_environment_hook('warehouse_robot_comp219', 'cmake_prefix_path')
[18.745s] INFO:colcon.colcon_core.shell:Creating environment hook '/root/robot_project/install/warehouse_robot_comp219/share/warehouse_robot_comp219/hook/cmake_prefix_path.ps1'
[18.746s] INFO:colcon.colcon_core.shell:Creating environment descriptor '/root/robot_project/install/warehouse_robot_comp219/share/warehouse_robot_comp219/hook/cmake_prefix_path.dsv'
[18.747s] INFO:colcon.colcon_core.shell:Creating environment hook '/root/robot_project/install/warehouse_robot_comp219/share/warehouse_robot_comp219/hook/cmake_prefix_path.sh'
[18.748s] Level 1:colcon.colcon_core.environment:checking '/root/robot_project/install/warehouse_robot_comp219/lib'
[18.749s] Level 1:colcon.colcon_core.environment:checking '/root/robot_project/install/warehouse_robot_comp219/bin'
[18.749s] DEBUG:colcon.colcon_core.event_handler.log_command:Invoked command in '/root/robot_project/build/warehouse_robot_comp219' returned '0': CMAKE_PREFIX_PATH=${CMAKE_PREFIX_PATH}:/opt/ros/jazzy /usr/bin/cmake --install /root/robot_project/build/warehouse_robot_comp219
[18.749s] Level 1:colcon.colcon_core.environment:checking '/root/robot_project/install/warehouse_robot_comp219/lib/pkgconfig/warehouse_robot_comp219.pc'
[18.750s] Level 1:colcon.colcon_core.environment:checking '/root/robot_project/install/warehouse_robot_comp219/lib/python3.12/site-packages'
[18.750s] Level 1:colcon.colcon_core.environment:checking '/root/robot_project/install/warehouse_robot_comp219/bin'
[18.750s] INFO:colcon.colcon_core.shell:Creating package script '/root/robot_project/install/warehouse_robot_comp219/share/warehouse_robot_comp219/package.ps1'
[18.752s] INFO:colcon.colcon_core.shell:Creating package descriptor '/root/robot_project/install/warehouse_robot_comp219/share/warehouse_robot_comp219/package.dsv'
[18.752s] INFO:colcon.colcon_core.shell:Creating package script '/root/robot_project/install/warehouse_robot_comp219/share/warehouse_robot_comp219/package.sh'
[18.753s] INFO:colcon.colcon_core.shell:Creating package script '/root/robot_project/install/warehouse_robot_comp219/share/warehouse_robot_comp219/package.bash'
[18.753s] INFO:colcon.colcon_core.shell:Creating package script '/root/robot_project/install/warehouse_robot_comp219/share/warehouse_robot_comp219/package.zsh'
[18.754s] Level 1:colcon.colcon_core.environment:create_file_with_runtime_dependencies(/root/robot_project/install/warehouse_robot_comp219/share/colcon-core/packages/warehouse_robot_comp219)
[18.755s] Level 1:colcon.colcon_core.environment:create_environment_scripts_only(warehouse_robot_comp219)
[18.755s] Level 1:colcon.colcon_core.environment:checking '/root/robot_project/install/warehouse_robot_comp219' for CMake module files
[18.756s] Level 1:colcon.colcon_core.environment:checking '/root/robot_project/install/warehouse_robot_comp219' for CMake config files
[18.756s] Level 1:colcon.colcon_core.shell:create_environment_hook('warehouse_robot_comp219', 'cmake_prefix_path')
[18.756s] INFO:colcon.colcon_core.shell:Creating environment hook '/root/robot_project/install/warehouse_robot_comp219/share/warehouse_robot_comp219/hook/cmake_prefix_path.ps1'
[18.757s] INFO:colcon.colcon_core.shell:Creating environment descriptor '/root/robot_project/install/warehouse_robot_comp219/share/warehouse_robot_comp219/hook/cmake_prefix_path.dsv'
[18.757s] INFO:colcon.colcon_core.shell:Creating environment hook '/root/robot_project/install/warehouse_robot_comp219/share/warehouse_robot_comp219/hook/cmake_prefix_path.sh'
[18.758s] Level 1:colcon.colcon_core.environment:checking '/root/robot_project/install/warehouse_robot_comp219/lib'
[18.758s] Level 1:colcon.colcon_core.environment:checking '/root/robot_project/install/warehouse_robot_comp219/bin'
[18.758s] Level 1:colcon.colcon_core.environment:checking '/root/robot_project/install/warehouse_robot_comp219/lib/pkgconfig/warehouse_robot_comp219.pc'
[18.758s] Level 1:colcon.colcon_core.environment:checking '/root/robot_project/install/warehouse_robot_comp219/lib/python3.12/site-packages'
[18.759s] Level 1:colcon.colcon_core.environment:checking '/root/robot_project/install/warehouse_robot_comp219/bin'
[18.759s] INFO:colcon.colcon_core.shell:Creating package script '/root/robot_project/install/warehouse_robot_comp219/share/warehouse_robot_comp219/package.ps1'
[18.759s] INFO:colcon.colcon_core.shell:Creating package descriptor '/root/robot_project/install/warehouse_robot_comp219/share/warehouse_robot_comp219/package.dsv'
[18.760s] INFO:colcon.colcon_core.shell:Creating package script '/root/robot_project/install/warehouse_robot_comp219/share/warehouse_robot_comp219/package.sh'
[18.760s] INFO:colcon.colcon_core.shell:Creating package script '/root/robot_project/install/warehouse_robot_comp219/share/warehouse_robot_comp219/package.bash'
[18.761s] INFO:colcon.colcon_core.shell:Creating package script '/root/robot_project/install/warehouse_robot_comp219/share/warehouse_robot_comp219/package.zsh'
[18.761s] Level 1:colcon.colcon_core.environment:create_file_with_runtime_dependencies(/root/robot_project/install/warehouse_robot_comp219/share/colcon-core/packages/warehouse_robot_comp219)
[18.762s] DEBUG:colcon.colcon_parallel_executor.executor.parallel:closing loop
[18.762s] DEBUG:colcon.colcon_parallel_executor.executor.parallel:loop closed
[18.762s] DEBUG:colcon.colcon_parallel_executor.executor.parallel:run_until_complete finished with '0'
[18.762s] DEBUG:colcon.colcon_core.event_reactor:joining thread
[18.908s] INFO:colcon.colcon_core.plugin_system:Skipping extension 'colcon_notification.desktop_notification.notify_send': Could not find 'notify-send'
[18.909s] INFO:colcon.colcon_core.plugin_system:Skipping extension 'colcon_notification.desktop_notification.terminal_notifier': Not used on non-Darwin systems
[18.909s] INFO:colcon.colcon_core.plugin_system:Skipping extension 'colcon_notification.desktop_notification.win32': Not used on non-Windows systems
[18.909s] INFO:colcon.colcon_notification.desktop_notification:Sending desktop notification using 'notify2'
[18.910s] DEBUG:colcon.colcon_notification.desktop_notification.notify2:Failed to initialize notify2: org.freedesktop.DBus.Error.ServiceUnknown: The name org.freedesktop.Notifications was not provided by any .service files
[18.910s] DEBUG:colcon.colcon_core.event_reactor:joined thread
[18.911s] INFO:colcon.colcon_core.shell:Creating prefix script '/root/robot_project/install/local_setup.ps1'
[18.912s] INFO:colcon.colcon_core.shell:Creating prefix util module '/root/robot_project/install/_local_setup_util_ps1.py'
[18.913s] INFO:colcon.colcon_core.shell:Creating prefix chain script '/root/robot_project/install/setup.ps1'
[18.914s] INFO:colcon.colcon_core.shell:Creating prefix script '/root/robot_project/install/local_setup.sh'
[18.915s] INFO:colcon.colcon_core.shell:Creating prefix util module '/root/robot_project/install/_local_setup_util_sh.py'
[18.916s] INFO:colcon.colcon_core.shell:Creating prefix chain script '/root/robot_project/install/setup.sh'
[18.918s] INFO:colcon.colcon_core.shell:Creating prefix script '/root/robot_project/install/local_setup.bash'
[18.919s] INFO:colcon.colcon_core.shell:Creating prefix chain script '/root/robot_project/install/setup.bash'
[18.921s] INFO:colcon.colcon_core.shell:Creating prefix script '/root/robot_project/install/local_setup.zsh'
[18.922s] INFO:colcon.colcon_core.shell:Creating prefix chain script '/root/robot_project/install/setup.zsh'
