-- The C compiler identification is GNU 13.3.0
-- The CXX compiler identification is GNU 13.3.0
-- Detecting C compiler ABI info
-- Detecting C compiler ABI info - done
-- Check for working C compiler: /usr/bin/cc - skipped
-- Detecting C compile features
-- Detecting C compile features - done
-- Detecting CXX compiler ABI info
-- Detecting CXX compiler ABI info - done
-- Check for working CXX compiler: /usr/bin/c++ - skipped
-- Detecting CXX compile features
-- Detecting CXX compile features - done
-- Found ament_cmake: 2.5.5 (/opt/ros/jazzy/share/ament_cmake/cmake)
-- Found Python3: /usr/bin/python3 (found version "3.12.3") found components: Interpreter 
-- Found rclpy: 7.1.9 (/opt/ros/jazzy/share/rclpy/cmake)
-- Found rclcpp: 28.1.16 (/opt/ros/jazzy/share/rclcpp/cmake)
-- Found rosidl_generator_c: 4.6.7 (/opt/ros/jazzy/share/rosidl_generator_c/cmake)
-- Found rosidl_generator_cpp: 4.6.7 (/opt/ros/jazzy/share/rosidl_generator_cpp/cmake)
-- Using all available rosidl_typesupport_c: rosidl_typesupport_fastrtps_c;rosidl_typesupport_introspection_c
-- Using all available rosidl_typesupport_cpp: rosidl_typesupport_fastrtps_cpp;rosidl_typesupport_introspection_cpp
-- Found rmw_implementation_cmake: 7.3.3 (/opt/ros/jazzy/share/rmw_implementation_cmake/cmake)
-- Found rmw_fastrtps_cpp: 8.4.3 (/opt/ros/jazzy/share/rmw_fastrtps_cpp/cmake)
-- Found OpenSSL: /usr/lib/x86_64-linux-gnu/libcrypto.so (found version "3.0.13")  
-- Found FastRTPS: /opt/ros/jazzy/include (Required is at least version "2.13") 
-- Using RMW implementation 'rmw_fastrtps_cpp' as default
-- Found rclcpp_action: 28.1.16 (/opt/ros/jazzy/share/rclcpp_action/cmake)
-- Found nav2_msgs: 1.3.11 (/opt/ros/jazzy/share/nav2_msgs/cmake)
-- Configuring done (29.6s)
-- Generating done (0.0s)
-- Build files have been written to: /root/robot_project/build/warehouse_robot_comp219
[ 50%] [32mBuilding CXX object CMakeFiles/nav_menu_client.dir/src/nav_menu.cpp.o[0m
[100%] [32m[1mLinking CXX executable nav_menu_client[0m
[100%] Built target nav_menu_client
-- Install configuration: ""
-- Installing: /root/robot_project/install/warehouse_robot_comp219/share/warehouse_robot_comp219/worlds
-- Installing: /root/robot_project/install/warehouse_robot_comp219/share/warehouse_robot_comp219/worlds/warehouse.world
-- Installing: /root/robot_project/install/warehouse_robot_comp219/share/warehouse_robot_comp219/urdf
-- Installing: /root/robot_project/install/warehouse_robot_comp219/share/warehouse_robot_comp219/urdf/warehouse_robot.urdf.xacro
-- Installing: /root/robot_project/install/warehouse_robot_comp219/share/warehouse_robot_comp219/urdf/warehouse_robot.urdf
-- Installing: /root/robot_project/install/warehouse_robot_comp219/share/warehouse_robot_comp219/launch
-- Installing: /root/robot_project/install/warehouse_robot_comp219/share/warehouse_robot_comp219/launch/sim.launch.py
-- Installing: /root/robot_project/install/warehouse_robot_comp219/share/warehouse_robot_comp219/launch/nav2.launch.py
-- Installing: /root/robot_project/install/warehouse_robot_comp219/share/warehouse_robot_comp219/launch/slam.launch.py
-- Installing: /root/robot_project/install/warehouse_robot_comp219/share/warehouse_robot_comp219/config
-- Installing: /root/robot_project/install/warehouse_robot_comp219/share/warehouse_robot_comp219/config/ros_gz_bridge.yaml
-- Installing: /root/robot_project/install/warehouse_robot_comp219/share/warehouse_robot_comp219/config/slam_toolbox.yaml
-- Installing: /root/robot_project/install/warehouse_robot_comp219/share/warehouse_robot_comp219/config/nav2_params.yaml
-- Installing: /root/robot_project/install/warehouse_robot_comp219/share/warehouse_robot_comp219/maps
-- Installing: /root/robot_project/install/warehouse_robot_comp219/share/warehouse_robot_comp219/maps/warehouse_map.pgm
-- Installing: /root/robot_project/install/warehouse_robot_comp219/share/warehouse_robot_comp219/maps/warehouse_map.yaml
-- Installing: /root/robot_project/install/warehouse_robot_comp219/lib/warehouse_robot_comp219/odom_tf_publisher.py
-- Installing: /root/robot_project/install/warehouse_robot_comp219/lib/warehouse_robot_comp219/nav_menu_client
-- Set non-toolchain portion of runtime path of "/root/robot_project/install/warehouse_robot_comp219/lib/warehouse_robot_comp219/nav_menu_client" to ""
-- Installing: /root/robot_project/install/warehouse_robot_comp219/share/ament_index/resource_index/package_run_dependencies/warehouse_robot_comp219
-- Installing: /root/robot_project/install/warehouse_robot_comp219/share/ament_index/resource_index/parent_prefix_path/warehouse_robot_comp219
-- Installing: /root/robot_project/install/warehouse_robot_comp219/share/warehouse_robot_comp219/environment/ament_prefix_path.sh
-- Installing: /root/robot_project/install/warehouse_robot_comp219/share/warehouse_robot_comp219/environment/ament_prefix_path.dsv
-- Installing: /root/robot_project/install/warehouse_robot_comp219/share/warehouse_robot_comp219/environment/path.sh
-- Installing: /root/robot_project/install/warehouse_robot_comp219/share/warehouse_robot_comp219/environment/path.dsv
-- Installing: /root/robot_project/install/warehouse_robot_comp219/share/warehouse_robot_comp219/local_setup.bash
-- Installing: /root/robot_project/install/warehouse_robot_comp219/share/warehouse_robot_comp219/local_setup.sh
-- Installing: /root/robot_project/install/warehouse_robot_comp219/share/warehouse_robot_comp219/local_setup.zsh
-- Installing: /root/robot_project/install/warehouse_robot_comp219/share/warehouse_robot_comp219/local_setup.dsv
-- Installing: /root/robot_project/install/warehouse_robot_comp219/share/warehouse_robot_comp219/package.dsv
-- Installing: /root/robot_project/install/warehouse_robot_comp219/share/ament_index/resource_index/packages/warehouse_robot_comp219
-- Installing: /root/robot_project/install/warehouse_robot_comp219/share/warehouse_robot_comp219/cmake/warehouse_robot_comp219Config.cmake
-- Installing: /root/robot_project/install/warehouse_robot_comp219/share/warehouse_robot_comp219/cmake/warehouse_robot_comp219Config-version.cmake
-- Installing: /root/robot_project/install/warehouse_robot_comp219/share/warehouse_robot_comp219/package.xml
