[0.022s] Invoking command in '/root/robot_project/build/warehouse_robot_comp219': CMAKE_PREFIX_PATH=${CMAKE_PREFIX_PATH}:/opt/ros/jazzy /usr/bin/cmake /root/robot_project -DCMAKE_INSTALL_PREFIX=/root/robot_project/install/warehouse_robot_comp219
[1.085s] -- The C compiler identification is GNU 13.3.0
[7.557s] -- The CXX compiler identification is GNU 13.3.0
[14.633s] -- Detecting C compiler ABI info
[17.384s] -- Detecting C compiler ABI info - done
[17.398s] -- Check for working C compiler: /usr/bin/cc - skipped
[17.428s] -- Detecting C compile features
[17.430s] -- Detecting C compile features - done
[18.425s] -- Detecting CXX compiler ABI info
[20.863s] -- Detecting CXX compiler ABI info - done
[20.874s] -- Check for working CXX compiler: /usr/bin/c++ - skipped
[20.874s] -- Detecting CXX compile features
[20.875s] -- Detecting CXX compile features - done
[21.014s] -- Found ament_cmake: 2.5.5 (/opt/ros/jazzy/share/ament_cmake/cmake)
[21.213s] -- Found Python3: /usr/bin/python3 (found version "3.12.3") found components: Interpreter 
[21.425s] -- Found rclpy: 7.1.9 (/opt/ros/jazzy/share/rclpy/cmake)
[21.431s] -- Found rclcpp: 28.1.16 (/opt/ros/jazzy/share/rclcpp/cmake)
[23.013s] -- Found rosidl_generator_c: 4.6.7 (/opt/ros/jazzy/share/rosidl_generator_c/cmake)
[23.060s] -- Found rosidl_generator_cpp: 4.6.7 (/opt/ros/jazzy/share/rosidl_generator_cpp/cmake)
[23.126s] -- Using all available rosidl_typesupport_c: rosidl_typesupport_fastrtps_c;rosidl_typesupport_introspection_c
[23.173s] -- Using all available rosidl_typesupport_cpp: rosidl_typesupport_fastrtps_cpp;rosidl_typesupport_introspection_cpp
[23.342s] -- Found rmw_implementation_cmake: 7.3.3 (/opt/ros/jazzy/share/rmw_implementation_cmake/cmake)
[23.351s] -- Found rmw_fastrtps_cpp: 8.4.3 (/opt/ros/jazzy/share/rmw_fastrtps_cpp/cmake)
[23.528s] -- Found OpenSSL: /usr/lib/x86_64-linux-gnu/libcrypto.so (found version "3.0.13")  
[25.933s] -- Found FastRTPS: /opt/ros/jazzy/include (Required is at least version "2.13") 
[27.154s] -- Using RMW implementation 'rmw_fastrtps_cpp' as default
[29.181s] -- Found rclcpp_action: 28.1.16 (/opt/ros/jazzy/share/rclcpp_action/cmake)
[29.325s] -- Found nav2_msgs: 1.3.11 (/opt/ros/jazzy/share/nav2_msgs/cmake)
[29.755s] -- Configuring done (29.6s)
[29.773s] -- Generating done (0.0s)
[29.779s] -- Build files have been written to: /root/robot_project/build/warehouse_robot_comp219
[29.793s] Invoked command in '/root/robot_project/build/warehouse_robot_comp219' returned '0': CMAKE_PREFIX_PATH=${CMAKE_PREFIX_PATH}:/opt/ros/jazzy /usr/bin/cmake /root/robot_project -DCMAKE_INSTALL_PREFIX=/root/robot_project/install/warehouse_robot_comp219
[29.794s] Invoking command in '/root/robot_project/build/warehouse_robot_comp219': CMAKE_PREFIX_PATH=${CMAKE_PREFIX_PATH}:/opt/ros/jazzy /usr/bin/cmake --build /root/robot_project/build/warehouse_robot_comp219 -- -j20 -l20
[29.857s] [ 50%] [32mBuilding CXX object CMakeFiles/nav_menu_client.dir/src/nav_menu.cpp.o[0m
[34.995s] [100%] [32m[1mLinking CXX executable nav_menu_client[0m
[36.530s] [100%] Built target nav_menu_client
[36.544s] Invoked command in '/root/robot_project/build/warehouse_robot_comp219' returned '0': CMAKE_PREFIX_PATH=${CMAKE_PREFIX_PATH}:/opt/ros/jazzy /usr/bin/cmake --build /root/robot_project/build/warehouse_robot_comp219 -- -j20 -l20
[36.555s] Invoking command in '/root/robot_project/build/warehouse_robot_comp219': CMAKE_PREFIX_PATH=${CMAKE_PREFIX_PATH}:/opt/ros/jazzy /usr/bin/cmake --install /root/robot_project/build/warehouse_robot_comp219
[36.563s] -- Install configuration: ""
[36.563s] -- Installing: /root/robot_project/install/warehouse_robot_comp219/share/warehouse_robot_comp219/worlds
[36.563s] -- Installing: /root/robot_project/install/warehouse_robot_comp219/share/warehouse_robot_comp219/worlds/warehouse.world
[36.563s] -- Installing: /root/robot_project/install/warehouse_robot_comp219/share/warehouse_robot_comp219/urdf
[36.564s] -- Installing: /root/robot_project/install/warehouse_robot_comp219/share/warehouse_robot_comp219/urdf/warehouse_robot.urdf.xacro
[36.564s] -- Installing: /root/robot_project/install/warehouse_robot_comp219/share/warehouse_robot_comp219/urdf/warehouse_robot.urdf
[36.565s] -- Installing: /root/robot_project/install/warehouse_robot_comp219/share/warehouse_robot_comp219/launch
[36.565s] -- Installing: /root/robot_project/install/warehouse_robot_comp219/share/warehouse_robot_comp219/launch/sim.launch.py
[36.565s] -- Installing: /root/robot_project/install/warehouse_robot_comp219/share/warehouse_robot_comp219/launch/nav2.launch.py
[36.571s] -- Installing: /root/robot_project/install/warehouse_robot_comp219/share/warehouse_robot_comp219/launch/slam.launch.py
[36.572s] -- Installing: /root/robot_project/install/warehouse_robot_comp219/share/warehouse_robot_comp219/config
[36.572s] -- Installing: /root/robot_project/install/warehouse_robot_comp219/share/warehouse_robot_comp219/config/ros_gz_bridge.yaml
[36.572s] -- Installing: /root/robot_project/install/warehouse_robot_comp219/share/warehouse_robot_comp219/config/slam_toolbox.yaml
[36.572s] -- Installing: /root/robot_project/install/warehouse_robot_comp219/share/warehouse_robot_comp219/config/nav2_params.yaml
[36.572s] -- Installing: /root/robot_project/install/warehouse_robot_comp219/share/warehouse_robot_comp219/maps
[36.573s] -- Installing: /root/robot_project/install/warehouse_robot_comp219/share/warehouse_robot_comp219/maps/warehouse_map.pgm
[36.573s] -- Installing: /root/robot_project/install/warehouse_robot_comp219/share/warehouse_robot_comp219/maps/warehouse_map.yaml
[36.573s] -- Installing: /root/robot_project/install/warehouse_robot_comp219/lib/warehouse_robot_comp219/odom_tf_publisher.py
[36.573s] -- Installing: /root/robot_project/install/warehouse_robot_comp219/lib/warehouse_robot_comp219/nav_menu_client
[36.576s] -- Set non-toolchain portion of runtime path of "/root/robot_project/install/warehouse_robot_comp219/lib/warehouse_robot_comp219/nav_menu_client" to ""
[36.576s] -- Installing: /root/robot_project/install/warehouse_robot_comp219/share/ament_index/resource_index/package_run_dependencies/warehouse_robot_comp219
[36.577s] -- Installing: /root/robot_project/install/warehouse_robot_comp219/share/ament_index/resource_index/parent_prefix_path/warehouse_robot_comp219
[36.577s] -- Installing: /root/robot_project/install/warehouse_robot_comp219/share/warehouse_robot_comp219/environment/ament_prefix_path.sh
[36.578s] -- Installing: /root/robot_project/install/warehouse_robot_comp219/share/warehouse_robot_comp219/environment/ament_prefix_path.dsv
[36.578s] -- Installing: /root/robot_project/install/warehouse_robot_comp219/share/warehouse_robot_comp219/environment/path.sh
[36.578s] -- Installing: /root/robot_project/install/warehouse_robot_comp219/share/warehouse_robot_comp219/environment/path.dsv
[36.579s] -- Installing: /root/robot_project/install/warehouse_robot_comp219/share/warehouse_robot_comp219/local_setup.bash
[36.579s] -- Installing: /root/robot_project/install/warehouse_robot_comp219/share/warehouse_robot_comp219/local_setup.sh
[36.579s] -- Installing: /root/robot_project/install/warehouse_robot_comp219/share/warehouse_robot_comp219/local_setup.zsh
[36.580s] -- Installing: /root/robot_project/install/warehouse_robot_comp219/share/warehouse_robot_comp219/local_setup.dsv
[36.580s] -- Installing: /root/robot_project/install/warehouse_robot_comp219/share/warehouse_robot_comp219/package.dsv
[36.580s] -- Installing: /root/robot_project/install/warehouse_robot_comp219/share/ament_index/resource_index/packages/warehouse_robot_comp219
[36.580s] -- Installing: /root/robot_project/install/warehouse_robot_comp219/share/warehouse_robot_comp219/cmake/warehouse_robot_comp219Config.cmake
[36.580s] -- Installing: /root/robot_project/install/warehouse_robot_comp219/share/warehouse_robot_comp219/cmake/warehouse_robot_comp219Config-version.cmake
[36.581s] -- Installing: /root/robot_project/install/warehouse_robot_comp219/share/warehouse_robot_comp219/package.xml
[36.583s] Invoked command in '/root/robot_project/build/warehouse_robot_comp219' returned '0': CMAKE_PREFIX_PATH=${CMAKE_PREFIX_PATH}:/opt/ros/jazzy /usr/bin/cmake --install /root/robot_project/build/warehouse_robot_comp219
